0:100  0:100  MemLog inited, TSC freq: 3292374203
0:100  0:000  CPU was calibrated with ACPI PM Timer
0:100  0:000  
0:100  0:000  Now is 5.10.2019,  22:9:30 (GMT)
0:100  0:000  Starting Clover revision: 5070 on American Megatrends EFI
0:100  0:000  Build with: [Args: -D NO_GRUB_DRIVERS_EMBEDDED | -D NO_GRUB_DRIVERS_EMBEDDED -D USE_LOW_EBDA -a X64 -b RELEASE -t XCODE8 -n 5 | OS: 10.14.6 | XCODE: 10.3]
0:100  0:000  SelfDevicePath=PciRoot(0x0)\Pci(0x1D,0x0)\USB(0x1,0x0)\USB(0x6,0x0)\HD(1,GPT,A7CA8315-5B4E-4315-BB54-2E8BF8A9EADB,0x28,0x64000) @BE8F1998
0:100  0:000  SelfDirPath = \EFI\BOOT
0:101  0:001  SimpleTextEx Status=Success
0:101  0:000  === [ Get Smbios ] ========================================
0:101  0:000  Type 16 Index = 0
0:101  0:000  Total Memory Slots Count = 2
0:101  0:000  Type 17 Index = 0
0:101  0:000  SmbiosTable.Type17->Speed = 1400MHz
0:101  0:000  SmbiosTable.Type17->Size = 4096MB
0:101  0:000  SmbiosTable.Type17->Bank/Device = BANK 0 ChannelA-DIMM0
0:101  0:000  SmbiosTable.Type17->Vendor = 1315
0:101  0:000  SmbiosTable.Type17->SerialNumber = 00000000
0:101  0:000  SmbiosTable.Type17->PartNumber = CT51264BD160B.C16F
0:101  0:000  Type 17 Index = 1
0:101  0:000  Ignoring insane frequency value 0MHz
0:101  0:000  SmbiosTable.Type17->Speed = 0MHz
0:101  0:000  SmbiosTable.Type17->Size = 0MB
0:101  0:000  SmbiosTable.Type17->Bank/Device = BANK 1 ChannelA-DIMM1
0:101  0:000  SmbiosTable.Type17->Vendor = <null string>
0:101  0:000  SmbiosTable.Type17->SerialNumber = <null string>
0:101  0:000  SmbiosTable.Type17->PartNumber = <null string>
0:101  0:000  Boot status=0
0:101  0:000  Running on: 'B85M-Gaming 3' with board 'B85M-Gaming 3'
0:101  0:000  === [ GetCPUProperties ] ==================================
0:101  0:000  CPU Vendor = 756E6547 Model=306C3
0:101  0:000   The CPU supported SSE4.1
0:101  0:000  BrandString = Intel(R) Pentium(R) CPU G3260 @ 3.30GHz
0:101  0:000   The CPU not supported turbo
0:101  0:000  MSR 0x35               20002
0:101  0:000  MSR 0xE2 before patch 1E000402
0:101  0:000  MSR 0xCE              00080838_F3012100
0:101  0:000  corrected FLEX_RATIO = 0
0:101  0:000  FSBFrequency = 100 MHz, DMI FSBFrequency = 100 MHz, Corrected FSBFrequency = 100 MHz
0:101  0:000  MaxDiv/MinDiv: 33.0/8
0:101  0:000  Turbo: 33/33/33/33
0:101  0:000  Features: 0xBFEBFBFF
0:101  0:000  Threads: 2
0:101  0:000  Cores: 2
0:101  0:000  FSB: 100 MHz
0:101  0:000  CPU: 3300 MHz
0:101  0:000  TSC: 3300 MHz
0:101  0:000  PIS: 100 MHz
0:101  0:000  ExternalClock: 25 MHz
0:101  0:000  === [ GetDevices ] ========================================
0:101  0:000  GOP found at: PciRoot(0x0)/Pci(0x1,0x0)/Pci(0x0,0x0)/AcpiAdr(0x80010100)
0:101  0:000  PCI (00|00:00.00) : 8086 0C00 class=060000
0:101  0:000  PCI (00|00:01.00) : 8086 0C01 class=060400
0:101  0:000  PCI (00|01:00.00) : 10DE 1402 class=030000
0:101  0:000   - GOP: Provided by device
0:101  0:000   - GFX: Model=nVidia GeForce GTX 950 family 126 (Maxwell)
0:101  0:000  PCI (00|01:00.01) : 10DE 0FBA class=040300
0:101  0:000   - HDMI Audio: 
0:101  0:000  PCI (00|00:02.00) : 8086 0402 class=030000
0:101  0:000   - GFX: Model=Intel Haswell GT1 (Intel)
0:101  0:000  PCI (00|00:03.00) : 8086 0C0C class=040300
0:101  0:000  PCI (00|00:14.00) : 8086 8C31 class=0C0330
0:101  0:000  PCI (00|00:16.00) : 8086 8C3A class=078000
0:101  0:000  PCI (00|00:16.01) : FFFF FFFF class=FFFFFF
0:101  0:000  PCI (00|00:19.00) : 8086 153B class=020000
0:101  0:000   - LAN: 0 Vendor=Intel
0:101  0:000  PCI (00|00:1A.00) : 8086 8C2D class=0C0320
0:101  0:000  PCI (00|00:1B.00) : 8086 8C20 class=040300
0:101  0:000  PCI (00|00:1D.00) : 8086 8C26 class=0C0320
0:101  0:000  PCI (00|00:1F.00) : 8086 8C50 class=060100
0:101  0:000  PCI (00|00:1F.02) : 8086 8C02 class=010601
0:101  0:000  PCI (00|00:1F.03) : 8086 8C22 class=0C0500
0:101  0:000  PCI (00|00:1F.06) : FFFF FFFF class=FFFFFF
0:101  0:000  === [ GetDefaultSettings ] ================================
0:101  0:000  Clover load options size = 4 bytes
0:106  0:005  EFI\CLOVER\AMB.plist not loaded with name from LoadOptions: Not Found
0:110  0:003  EFI\CLOVER\config.plist loaded: Success
0:110  0:000  === [ GetListOfThemes ] ===================================
0:113  0:002  - [00]: Minimalism
0:119  0:006  === [ Found config plists ] ===============================
0:119  0:000  - config.plist
0:119  0:000  === [ GetEarlyUserSettings ] ==============================
0:119  0:000  timeout set to 5
0:119  0:000  Custom boot CUSTOM_BOOT_DISABLED (0x0)
0:119  0:000  FakeCPUID: 306A0
0:119  0:000  KextsToPatch: 2 requested
0:119  0:000   - [00]: com.apple.driver.AppleGraphicsDevicePolicy (Prevent AGDP from loading) :: BinPatch :: data len: 5
0:119  0:000   - [01]: com.apple.iokit.IOAHCIBlockStorage (Enable TRIM for SSD) :: BinPatch :: data len: 11
0:119  0:000  KernelToPatch: 2 requested
0:119  0:000   - [00]: MSR 0xE2 _xcpm_idle instant reboot(c) Pike R. Alpha :: data len: 8
0:119  0:000   - [01]: Disable panic kext logging on 10.14 release kernel (credit vit9696) :: MatchOS: 10.14.x :: data len: 6
0:119  0:000  Default theme: Minimalism
0:119  0:000  Hiding entries with string Legacy
0:119  0:000  Hiding entries with string Preboot
0:119  0:000  Hiding entries with string Recovery
0:119  0:000  Hiding entries with string Windows
0:119  0:000  === [ LoadDrivers ] =======================================
0:125  0:005  Loading ApfsDriverLoader-64.efi  status=Success
0:131  0:006   - driver needs connecting
0:131  0:000  Loading AptioMemoryFix-64.efi  status=Success
0:143  0:011  Loading EmuVariableUefi-64.efi  status=Success
0:151  0:007  EmuVariableUefi Initialize: VariableCommonInitialize = Success, orig services stored, install gEmuVariableControlProtocolGuid = Success
0:151  0:000  Loading FSInject-64.efi  status=Success
0:159  0:007  Loading VBoxHfs-64.efi  status=Success
0:169  0:010   - driver needs connecting
0:169  0:000  Loading VirtualSmc.efi  status=Success
0:275  0:105  2 drivers needs connecting ...
0:275  0:000  PlatformDriverOverrideProtocol->GetDriver overriden
0:275  0:000  APFS driver loaded
0:275  0:000  Searching for invalid DiskIo BY_DRIVER connects: not found, all ok
0:552  0:276  EmuVariable InstallEmulation: orig vars copied, emu.var.services installed, CreateEvent VirtualAddressChange = Success, CreateEvent ExitBootServices = Success, set Status=Success
0:561  0:009  === [ InitScreen ] ========================================
0:561  0:000  Console modes reported: 6, available modes:
0:561  0:000   - [01]: 80x25
0:561  0:000   - [02]: 80x50
0:561  0:000   - [03]: 100x31
0:561  0:000   - [04]: 128x30 (current mode)
0:561  0:000   - [06]: 120x50
0:561  0:000  SetMaxResolution: found best mode 4: 1920x1080
0:751  0:190  Video mode change to mode #4: Success
0:751  0:000   - set
0:751  0:000  SetScreenResolution: 1920x1080 - already set
0:751  0:000  reinit: self device path=PciRoot(0x0)\Pci(0x1D,0x0)\USB(0x1,0x0)\USB(0x6,0x0)\HD(1,GPT,A7CA8315-5B4E-4315-BB54-2E8BF8A9EADB,0x28,0x64000)
0:753  0:001  Using embedded font: Success
2:047  1:294  === [ GetMacAddress ] =====================================
2:047  0:000  MAC address of LAN #0= FC:AA:14:9D:A1:57:
2:047  0:000  === [ ScanSPD ] ===========================================
2:047  0:000  Scanning SMBus [8086:8C22], mmio: 0xF7839004, ioport: 0xF040, hostc: 0x11
2:066  0:018  Slot: 0 Type 24 4096MB 1600MHz Vendor=Crucial Technology PartNo=CT51264BD160B.C16FED SerialNo=0000000000000000
2:085  0:018  Slot: 2 Type 24 4096MB 1600MHz Vendor=Crucial Technology PartNo=CT51264BD160B.C16FED SerialNo=0000000000000000
2:085  0:000  === [ GetAcpiTablesList ] =================================
2:085  0:000  Get Acpi Tables List from RSDT:
2:085  0:000   - [00]: FACP  A M I len=132
2:085  0:000   - [01]: APIC  A M I len=98
2:085  0:000   - [02]: FPDT  A M I len=68
2:085  0:000   - [03]: SSDT  Cpu0Ist len=1337
2:085  0:000   - [04]: SSDT  CpuPm len=2776
2:085  0:000   - [05]: MCFG  A M I len=60
2:085  0:000   - [06]: HPET  A M I len=56
2:085  0:000   - [07]: SSDT  SataTabl len=877
2:085  0:000   - [08]: SSDT  SaSsdt  len=13537
2:085  0:000   - [09]: BGRT  A M I len=56
2:085  0:000  Calibrated TSC Frequency = 3292374203 = 3292MHz
2:086  0:000  === [ GetUserSettings ] ===================================
2:086  0:000  USB FixOwnership: yes
2:086  0:000   - final DSDT Fix mask=00000000
2:086  0:000  PatchesDSDT: 4 requested
2:086  0:000   - [00]: (change GFX0 to IGPU) lenToFind: 4, lenToReplace: 4, Target Bridge: <null string>
2:086  0:000   - [01]: (change HDAS to HDEF) lenToFind: 4, lenToReplace: 4, Target Bridge: <null string>
2:086  0:000   - [02]: (change HECI to IMEI) lenToFind: 4, lenToReplace: 4, Target Bridge: <null string>
2:086  0:000   - [03]: (change MEI to IMEI) lenToFind: 4, lenToReplace: 4, Target Bridge: <null string>
2:086  0:000  Using ProductName from config: iMac15,1
2:086  0:000  Using latest BiosVersion from clover
2:086  0:000  BiosVersion: IM151.88Z.F000.B00.1906132222
2:086  0:000  BiosReleaseDate: 06/13/2019
2:086  0:000  Using latest EfiVersion from clover: 229.0.0.0.0
2:086  0:000  Using FirmwareFeatures from config: 0xF80FE137
2:086  0:000  Using FirmwareFeaturesMask from config: 0xFF1FFF3F
2:086  0:000  Board-ID set from config as Mac-42FD25EABCABB274
2:086  0:000  BoardType: 0xA
2:086  0:000  ChassisType: 0xD
2:087  0:001  === [ Found DSDT tables ] =================================
2:261  0:173  === [ ScanVolumes ] =======================================
2:261  0:000  Found 13 volumes with blockIO
2:261  0:000  - [00]: Volume: PciRoot(0x0)\Pci(0x1D,0x0)\USB(0x1,0x0)\USB(0x6,0x0)
2:262  0:001          USB volume
2:262  0:000          USB volume
2:262  0:000  - [01]: Volume: PciRoot(0x0)\Pci(0x1D,0x0)\USB(0x1,0x0)\USB(0x6,0x0)\HD(1,GPT,A7CA8315-5B4E-4315-BB54-2E8BF8A9EADB,0x28,0x64000)
2:263  0:001          Result of bootcode detection: bootable unknown (legacy)
2:263  0:000          USB volume
2:263  0:000          USB volume
2:401  0:137          This is SelfVolume !!
2:401  0:000  - [02]: Volume: PciRoot(0x0)\Pci(0x1D,0x0)\USB(0x1,0x0)\USB(0x6,0x0)\HD(2,GPT,A15AE4F1-0CE5-4C8B-BC30-F13BAB4159AB,0x64028,0xDE2BB0)
2:402  0:001          USB volume
2:402  0:000          USB volume
2:402  0:000  - [03]: Volume: PciRoot(0x0)\Pci(0x1F,0x2)\Sata(0x0,0xFFFF,0x0)
2:402  0:000  - [04]: Volume: PciRoot(0x0)\Pci(0x1F,0x2)\Sata(0x2,0xFFFF,0x0)
2:403  0:000  - [05]: Volume: PciRoot(0x0)\Pci(0x1F,0x2)\Sata(0x0,0xFFFF,0x0)\HD(1,GPT,36C79D38-C1BF-4582-8ACC-81F83755C341,0x28,0x64000)
2:404  0:000          Result of bootcode detection: bootable unknown (legacy)
2:409  0:005  - [06]: Volume: PciRoot(0x0)\Pci(0x1F,0x2)\Sata(0x0,0xFFFF,0x0)\HD(2,GPT,DFC42233-DB97-4272-98C1-4F73B112A0B4,0x64028,0xEE18260)
2:410  0:000          Result of bootcode detection: bootable unknown (legacy)
2:410  0:000          hiding this volume
2:410  0:000  - [07]: Volume: PciRoot(0x0)\Pci(0x1F,0x2)\Sata(0x2,0xFFFF,0x0)\HD(1,GPT,F06928DF-FE2E-4C2A-8BF7-5D104445944C,0x800,0x8000)
2:410  0:000          hiding this volume
2:410  0:000  - [08]: Volume: PciRoot(0x0)\Pci(0x1F,0x2)\Sata(0x2,0xFFFF,0x0)\HD(2,GPT,E64437DD-4B5D-4D7F-BD67-69742851345A,0x8800,0x1BF1F000)
2:411  0:000          Result of bootcode detection: bootable Windows (vista,win)
2:411  0:000          hiding this volume
2:411  0:000  - [09]: Volume: PciRoot(0x0)\Pci(0x1F,0x2)\Sata(0x0,0xFFFF,0x0)\HD(2,GPT,DFC42233-DB97-4272-98C1-4F73B112A0B4,0x64028,0xEE18260)\VenMedia(BE74FCF7-0B7C-49F3-9147-01F4042E6842,8EE0054F09035B41973F51FEB386AED0)
2:411  0:000          hiding this volume
2:411  0:000  - [10]: Volume: PciRoot(0x0)\Pci(0x1F,0x2)\Sata(0x0,0xFFFF,0x0)\HD(2,GPT,DFC42233-DB97-4272-98C1-4F73B112A0B4,0x64028,0xEE18260)\VenMedia(BE74FCF7-0B7C-49F3-9147-01F4042E6842,47D20AFA2DF1CB39AD32FA55FD20BEEF)
2:411  0:000  - [11]: Volume: PciRoot(0x0)\Pci(0x1F,0x2)\Sata(0x0,0xFFFF,0x0)\HD(2,GPT,DFC42233-DB97-4272-98C1-4F73B112A0B4,0x64028,0xEE18260)\VenMedia(BE74FCF7-0B7C-49F3-9147-01F4042E6842,F4374C17EA239C4795988E0C738F931F)
2:411  0:000          hiding this volume
2:411  0:000  - [12]: Volume: PciRoot(0x0)\Pci(0x1F,0x2)\Sata(0x0,0xFFFF,0x0)\HD(2,GPT,DFC42233-DB97-4272-98C1-4F73B112A0B4,0x64028,0xEE18260)\VenMedia(BE74FCF7-0B7C-49F3-9147-01F4042E6842,3EA06E69C45A3A44A6E7187BC195519A)
2:416  0:004  PutNvramPlistToRtVars: nvram.plist not found
2:416  0:000  No AudioIoProtocols, status=Not Found
2:416  0:000  === [ InitTheme ] =========================================
2:416  0:000  use night theme
2:419  0:003  Using theme 'Minimalism' (EFI\CLOVER\themes\Minimalism)
2:419  0:000  OS main and drive as badge
2:419  0:000  file sound read: sound_night.wav Not Found
2:419  0:000  file sound read: sound.wav Not Found
2:422  0:003  Loading font from ThemeDir: Success
2:422  0:000  theme inited
2:422  0:000  Chosen theme Minimalism
2:422  0:000  after NVRAM boot-args=-v debug=0x100 keepsyms=1 darkwake=1
2:423  0:000  === [ Dump SMC keys from NVRAM ] ==========================
2:423  0:000  found AppleSMC protocol
2:423  0:000  === [ ScanLoader ] ========================================
2:423  0:000  - [01]: 'EFI'
2:433  0:010          AddLoaderEntry for Volume Name=EFI
2:433  0:000          skipped because entry is hidden
2:433  0:000  - [02]: 'Install macOS High Sierra'
2:436  0:003          AddLoaderEntry for Volume Name=Install macOS High Sierra
2:455  0:018  - [05]: 'EFI'
2:456  0:000          AddLoaderEntry for Volume Name=EFI
2:476  0:020          AddLoaderEntry for Volume Name=EFI
2:476  0:000          skipped because entry is hidden
2:476  0:000  - [09]: 'Preboot', hidden
2:476  0:000  - [10]: 'macOS'
2:485  0:008          AddLoaderEntry for Volume Name=macOS
2:513  0:028          [!] Icon 18 (icons\vol_internal_apfs.icns) not found (path: EFI\CLOVER\themes\Minimalism)
2:534  0:021          AddLoaderEntry for Volume Name=macOS
2:540  0:005      hibernated: set as never
2:557  0:016  - [11]: 'Recovery', hidden
2:557  0:000  - [12]: 'VM'
2:557  0:000  === [ AddCustomTool ] =====================================
2:562  0:004  found tool \EFI\CLOVER\tools\Shell64U.efi
2:562  0:000  Checking EFI partition Volume 1 for Clover
2:565  0:002   Found Clover
2:567  0:002  EmuVariable UninstallEmulation: CloseEvent = Success, original var services restored
2:575  0:008  EmuVariable InstallEmulation: orig vars copied, emu.var.services installed, CreateEvent VirtualAddressChange = Success, CreateEvent ExitBootServices = Success, set Status=Success
2:585  0:009  === [ GetEfiBootDeviceFromNvram ] =========================
2:585  0:000   - found entry 2. 'Boot macOS Install from macOS', Volume 'macOS', DevicePath 'PciRoot(0x0)\Pci(0x1F,0x2)\Sata(0x0,0xFFFF,0x0)\HD(2,GPT,DFC42233-DB97-4272-98C1-4F73B112A0B4,0x64028,0xEE18260)\VenMedia(BE74FCF7-0B7C-49F3-9147-01F4042E6842,47D20AFA2DF1CB39AD32FA55FD20BEEF)\macOS Install Data\Locked Files\Boot Files\boot.efii'
2:585  0:000  EmuVariable UninstallEmulation: CloseEvent = Success, original var services restored
2:585  0:000  DefaultIndex=2 and MainMenu.EntryCount=10
2:664  0:079          [!] Icon 23 (selection_small.png) not found (path: EFI\CLOVER\themes\Minimalism)
3:677  1:013  can't bear mouse at all! Status=Unsupported
3:679  0:001  can't bear mouse at timeout! Status=Unsupported
3:679  0:000  GUI ready
4:302  0:622  can't bear mouse at timeout! Status=Unsupported
4:305  0:003  can't bear mouse at sel! Status=Unsupported
4:655  0:350  can't bear mouse at sel! Status=Unsupported
7:831  3:175  can't bear mouse at sel! Status=Unsupported
8:151  0:320  can't bear mouse at sel! Status=Unsupported
9:108  0:956  Found BIOS RSDP at F0000
9:108  0:000  Printing ACPI tables from RSDP F0000 ...
9:108  0:000   F0000: 'RSD PTR ', Rev: 2 (Acpi 2.0 or newer), Len: 36
9:108  0:000    (Xsdt: CA9AE078, Rsdt: CA9AE028)
9:108  0:000    CA9AE078: 'XSDT', 'A M I', Rev: 1, Len: 116
9:108  0:000    CA9AE028: 'RSDT', 'A M I', Rev: 1, Len: 76
9:108  0:000    Tables in Xsdt: 10
9:108  0:000    0. CA9BA650: 'FACP', 'A M I', Rev: 5, Len: 268
9:108  0:000        (Dsdt: CA9AE188, Facs: CA9DF080, XDsdt: CA9AE188, XFacs: 0)
9:108  0:000        CA9AE188: 'DSDT', 'A M I', Rev: 2, Len: 50369
9:109  0:000        CA9DF080: 'FACS', Ver: 2, Len: 64
9:109  0:000    1. CA9BA760: 'APIC', 'A M I', Rev: 3, Len: 98
9:109  0:000    2. CA9BA7C8: 'FPDT', 'A M I', Rev: 1, Len: 68
9:109  0:000    3. CA9BA810: 'SSDT', 'Cpu0Ist', Rev: 1, Len: 1337
9:109  0:000    4. CA9BAD50: 'SSDT', 'CpuPm', Rev: 1, Len: 2776
9:109  0:000    5. CA9BB828: 'MCFG', 'A M I', Rev: 1, Len: 60
9:109  0:000    6. CA9BB868: 'HPET', 'A M I', Rev: 1, Len: 56
9:109  0:000    7. CA9BB8A0: 'SSDT', 'SataTabl', Rev: 1, Len: 877
9:109  0:000    8. CA9BBC10: 'SSDT', 'SaSsdt', Rev: 1, Len: 13537
9:109  0:000    9. CA9BF0F8: 'BGRT', 'A M I', Rev: 0, Len: 56
9:109  0:000    Tables in Rsdt: 10
9:109  0:000    0. CA9AE100: 'FACP', 'A M I', Rev: 2, Len: 132
9:109  0:000        (Dsdt: CA9AE188, Facs: CA9DF040)
9:109  0:000        CA9AE188: 'DSDT', 'A M I', Rev: 2, Len: 50369
9:110  0:000        CA9DF040: 'FACS', Ver: 0, Len: 64
9:110  0:000    1. CA9BA760: 'APIC', 'A M I', Rev: 3, Len: 98
9:110  0:000    2. CA9BA7C8: 'FPDT', 'A M I', Rev: 1, Len: 68
9:110  0:000    3. CA9BA810: 'SSDT', 'Cpu0Ist', Rev: 1, Len: 1337
9:110  0:000    4. CA9BAD50: 'SSDT', 'CpuPm', Rev: 1, Len: 2776
9:110  0:000    5. CA9BB828: 'MCFG', 'A M I', Rev: 1, Len: 60
9:110  0:000    6. CA9BB868: 'HPET', 'A M I', Rev: 1, Len: 56
9:110  0:000    7. CA9BB8A0: 'SSDT', 'SataTabl', Rev: 1, Len: 877
9:110  0:000    8. CA9BBC10: 'SSDT', 'SaSsdt', Rev: 1, Len: 13537
9:110  0:000    9. CA9BF0F8: 'BGRT', 'A M I', Rev: 0, Len: 56
9:110  0:000  Found UEFI Acpi 2.0 RSDP at CA9AE000
9:110  0:000  Saving ACPI tables from RSDP CA9AE000 to EFI\CLOVER\ACPI\origin ...
9:110  0:000   CA9AE000: 'RSD PTR ', Rev: 2 (Acpi 2.0 or newer), Len: 36 -> RSDP.aml
9:123  0:012    (Xsdt: CA9AE078, Rsdt: CA9AE028)
9:123  0:000    CA9AE078: 'XSDT', 'A M I', Rev: 1, Len: 116 -> XSDT.aml
9:133  0:010    CA9AE028: 'RSDT', 'A M I', Rev: 1, Len: 76 -> RSDT.aml
9:144  0:011    Tables in Xsdt: 10
9:144  0:000    0. CA9BA650: 'FACP', 'A M I', Rev: 5, Len: 268 -> FACP.aml
9:154  0:010        (Dsdt: CA9AE188, Facs: CA9DF080, XDsdt: CA9AE188, XFacs: 0)
9:154  0:000        CA9AE188: 'DSDT', 'A M I', Rev: 2, Len: 50369 -> DSDT.aml
9:179  0:024        CA9DF080: 'FACS', Ver: 2, Len: 64 -> FACS.aml
9:189  0:010    1. CA9BA760: 'APIC', 'A M I', Rev: 3, Len: 98 -> APIC.aml
9:200  0:010    2. CA9BA7C8: 'FPDT', 'A M I', Rev: 1, Len: 68 -> FPDT.aml
9:219  0:018    3. CA9BA810: 'SSDT', 'Cpu0Ist', Rev: 1, Len: 1337 -> SSDT-0-Cpu0Ist.aml
9:229  0:010    4. CA9BAD50: 'SSDT', 'CpuPm', Rev: 1, Len: 2776 -> SSDT-1-CpuPm.aml (Found hidden SSDT 4 pcs)
9:241  0:011        * C9803A98: '$', '', Rev: 0, Len: 23117  24 05 00 10 4D 5A 00 00 00 00 00 00 00 00 00 00 
9:241  0:000        * CA8D9618: 'SSDT', 'ApIst', Rev: 1, Len: 1450  53 53 44 54 AA 05 00 00 01 D3 50 6D 52 65 66 00 Internal length = 1450 -> SSDT-x1_0-ApIst.aml
9:254  0:013        * CA8D9C18: 'SSDT', 'Cpu0Cst', Rev: 1, Len: 979  53 53 44 54 D3 03 00 00 01 B3 50 6D 52 65 66 00 Internal length = 979 -> SSDT-x1_1-Cpu0Cst.aml
9:265  0:010        * CA8D8D98: 'SSDT', 'ApCst', Rev: 1, Len: 281  53 53 44 54 19 01 00 00 01 EF 50 6D 52 65 66 00 Internal length = 281 -> SSDT-x1_2-ApCst.aml
9:279  0:013  
9:279  0:000    5. CA9BB828: 'MCFG', 'A M I', Rev: 1, Len: 60 -> MCFG.aml
9:291  0:011    6. CA9BB868: 'HPET', 'A M I', Rev: 1, Len: 56 -> HPET.aml
9:301  0:010    7. CA9BB8A0: 'SSDT', 'SataTabl', Rev: 1, Len: 877 -> SSDT-2-SataTabl.aml
9:311  0:010    8. CA9BBC10: 'SSDT', 'SaSsdt', Rev: 1, Len: 13537 -> SSDT-3-SaSsdt.aml
9:323  0:011    9. CA9BF0F8: 'BGRT', 'A M I', Rev: 0, Len: 56 -> BGRT.aml
9:333  0:010    Tables in Rsdt: 10
9:333  0:000    0. CA9AE100: 'FACP', 'A M I', Rev: 2, Len: 132 -> RSDT-FACP.aml
9:347  0:013        (Dsdt: CA9AE188, Facs: CA9DF040)
9:347  0:000        CA9AE188: 'DSDT', 'A M I', Rev: 2, Len: 50369
9:347  0:000        CA9DF040: 'FACS', Ver: 0, Len: 64 -> RSDT-FACS.aml
9:358  0:010    1. CA9BA760: 'APIC', 'A M I', Rev: 3, Len: 98
9:358  0:000    2. CA9BA7C8: 'FPDT', 'A M I', Rev: 1, Len: 68
9:358  0:000    3. CA9BA810: 'SSDT', 'Cpu0Ist', Rev: 1, Len: 1337
9:358  0:000    4. CA9BAD50: 'SSDT', 'CpuPm', Rev: 1, Len: 2776
9:358  0:000    5. CA9BB828: 'MCFG', 'A M I', Rev: 1, Len: 60
9:358  0:000    6. CA9BB868: 'HPET', 'A M I', Rev: 1, Len: 56
9:358  0:000    7. CA9BB8A0: 'SSDT', 'SataTabl', Rev: 1, Len: 877
9:358  0:000    8. CA9BBC10: 'SSDT', 'SaSsdt', Rev: 1, Len: 13537
9:358  0:000    9. CA9BF0F8: 'BGRT', 'A M I', Rev: 0, Len: 56
9:358  0:000  Found UEFI Acpi 1.0 RSDP at CA9AE000
9:358  0:000  Printing ACPI tables from RSDP CA9AE000 ...
9:358  0:000   CA9AE000: 'RSD PTR ', Rev: 2 (Acpi 2.0 or newer), Len: 36
9:358  0:000    (Xsdt: CA9AE078, Rsdt: CA9AE028)
9:358  0:000    CA9AE078: 'XSDT', 'A M I', Rev: 1, Len: 116
9:358  0:000    CA9AE028: 'RSDT', 'A M I', Rev: 1, Len: 76
9:358  0:000    Tables in Xsdt: 10
9:358  0:000    0. CA9BA650: 'FACP', 'A M I', Rev: 5, Len: 268
9:358  0:000        (Dsdt: CA9AE188, Facs: CA9DF080, XDsdt: CA9AE188, XFacs: 0)
9:358  0:000        CA9AE188: 'DSDT', 'A M I', Rev: 2, Len: 50369
9:359  0:000        CA9DF080: 'FACS', Ver: 2, Len: 64
9:359  0:000    1. CA9BA760: 'APIC', 'A M I', Rev: 3, Len: 98
9:359  0:000    2. CA9BA7C8: 'FPDT', 'A M I', Rev: 1, Len: 68
9:359  0:000    3. CA9BA810: 'SSDT', 'Cpu0Ist', Rev: 1, Len: 1337
9:359  0:000    4. CA9BAD50: 'SSDT', 'CpuPm', Rev: 1, Len: 2776
9:359  0:000    5. CA9BB828: 'MCFG', 'A M I', Rev: 1, Len: 60
9:359  0:000    6. CA9BB868: 'HPET', 'A M I', Rev: 1, Len: 56
9:359  0:000    7. CA9BB8A0: 'SSDT', 'SataTabl', Rev: 1, Len: 877
9:359  0:000    8. CA9BBC10: 'SSDT', 'SaSsdt', Rev: 1, Len: 13537
9:359  0:000    9. CA9BF0F8: 'BGRT', 'A M I', Rev: 0, Len: 56
9:359  0:000    Tables in Rsdt: 10
9:359  0:000    0. CA9AE100: 'FACP', 'A M I', Rev: 2, Len: 132
9:359  0:000        (Dsdt: CA9AE188, Facs: CA9DF040)
9:359  0:000        CA9AE188: 'DSDT', 'A M I', Rev: 2, Len: 50369
9:359  0:000        CA9DF040: 'FACS', Ver: 0, Len: 64
9:359  0:000    1. CA9BA760: 'APIC', 'A M I', Rev: 3, Len: 98
9:359  0:000    2. CA9BA7C8: 'FPDT', 'A M I', Rev: 1, Len: 68
9:359  0:000    3. CA9BA810: 'SSDT', 'Cpu0Ist', Rev: 1, Len: 1337
9:359  0:000    4. CA9BAD50: 'SSDT', 'CpuPm', Rev: 1, Len: 2776
9:359  0:000    5. CA9BB828: 'MCFG', 'A M I', Rev: 1, Len: 60
9:359  0:000    6. CA9BB868: 'HPET', 'A M I', Rev: 1, Len: 56
9:359  0:000    7. CA9BB8A0: 'SSDT', 'SataTabl', Rev: 1, Len: 877
9:359  0:000    8. CA9BBC10: 'SSDT', 'SaSsdt', Rev: 1, Len: 13537
9:359  0:000    9. CA9BF0F8: 'BGRT', 'A M I', Rev: 0, Len: 56
10:479  1:119  can't bear mouse at sel! Status=Unsupported
10:975  0:496  can't bear mouse at sel! Status=Unsupported
11:623  0:647  can't bear mouse at sel! Status=Unsupported
12:111  0:487  can't bear mouse at sel! Status=Unsupported
14:356  2:244  exit from MainMenu 1
14:356  0:000  ParseBootOption: invalid input params
14:356  0:000  BootVariable of the entry is empty
14:356  0:000  === [ StartLoader ] =======================================
14:356  0:000  Finally: ExternalClock=25MHz BusSpeed=99769kHz CPUFreq=3292MHz PIS: hw.busfrequency=100000000Hz
14:356  0:000  Loading boot.efi  status=Success
14:429  0:073  GetOSVersion: 10.13.6 (17G8037)
14:429  0:000  CSR_CFG: CSR_ALLOW_UNTRUSTED_KEXTS | CSR_ALLOW_UNRESTRICTED_FS | CSR_ALLOW_TASK_FOR_PID | CSR_ALLOW_UNRESTRICTED_DTRACE | CSR_ALLOW_UNRESTRICTED_NVRAM
14:429  0:000  Filtering KextPatches:
14:429  0:000   - [00]: com.apple.driver.AppleGraphicsDevicePolicy (Prevent AGDP from loading) :: BinPatch :: [OS: 10.13.6 | MatchOS: All | MatchBuild: All] ==> allowed
14:429  0:000   - [01]: com.apple.iokit.IOAHCIBlockStorage (Enable TRIM for SSD) :: BinPatch :: [OS: 10.13.6 | MatchOS: All | MatchBuild: All] ==> allowed
14:429  0:000  Filtering KernelPatches:
14:429  0:000   - [00]: MSR 0xE2 _xcpm_idle instant reboot(c) Pike R. Alpha :: [OS: 10.13.6 | MatchOS: All | MatchBuild: no] ==> allowed by OS
14:429  0:000   - [01]: Disable panic kext logging on 10.14 release kernel (credit vit9696) :: [OS: 10.13.6 | MatchOS: 10.14.x | MatchBuild: no] ==> not allowed by OS
14:429  0:000  Will not patch boot.efi
14:429  0:000  EmuVariable InstallEmulation: orig vars copied, emu.var.services installed, CreateEvent VirtualAddressChange = Success, CreateEvent ExitBootServices = Success, set Status=Success
14:439  0:009  === [ PatchSmbios ] =======================================
14:439  0:000  insert table 9 for dev 0:0
14:439  0:000  insert table 9 for dev 0:1
14:439  0:000  insert table 9 for dev 19:0
14:439  0:000  Table 11 present, but rewritten for us
14:440  0:000  Not trusting SMBIOS because SPD reports more modules...
14:440  0:000  Channels: 2
14:440  0:000  Interleave: 0 2 1 3 4 6 5 7 8 10 9 11 12 14 13 15 16 18 17 19 20 22 21 23
14:440  0:000  SMBIOS Type 17 Index = 0 => 0 0:
14:440  0:000  BANK 0 DIMM0 1600MHz 4096MB
14:440  0:000  SMBIOS Type 17 Index = 1 => 2 2:
14:440  0:000  BANK 1 DIMM0 1600MHz 4096MB
14:440  0:000  mTotalSystemMemory = 8192
14:440  0:000  NumberOfMemoryDevices = 2
14:440  0:000  Type20[0]->End = 0x3FFFFF, Type17[0] = 0x1000
14:440  0:000  Type20[1]->End = 0x7FFFFF, Type17[1] = 0x3000
14:440  0:000  Table 131 is present, CPUType=31
14:440  0:000  Change to: 605
14:440  0:000  === [ PatchACPI ] =========================================
14:440  0:000  Xsdt reallocation done
14:440  0:000  old FADT length=10C
14:440  0:000   SignatureFixup: 0x10 -> 0x0
14:440  0:000  Apply DsdtFixMask=0x00000000
14:440  0:000     drop _DSM mask=0xFFFF
14:440  0:000  === [ FixBiosDsdt ] =======================================
14:440  0:000  Patching DSDT:
14:440  0:000   - [change GFX0 to IGPU]: pattern 47465830, patched at: [ (8A24) (67) (1B) (13) (19) (98) (1B) (13) (19) (1D0) (1B) (148) (1D) (F35) (30) (16B) (373) (51C) (B7B) (14) (DB0) ]
14:440  0:000   - [change HDAS to HDEF]: pattern 48444153, bin not found / already patched!
14:440  0:000   - [change HECI to IMEI]: pattern 48454349, bin not found / already patched!
14:440  0:000   - [change MEI to IMEI]: pattern 4D45495F, bin not found / already patched!
14:440  0:000    0 replacements
14:440  0:000  PreCleanup XSDT: count=10, length=116
14:440  0:000  PreCleanup XSDT, corrected XSDT: count=10, length=116
14:440  0:000  === [ ACPIDropTables ] ====================================
14:440  0:000  Patching SSDT Cpu0Ist Length=1337
14:440  0:000  0. [change GFX0 to IGPU]: pattern 47465830, bin not found / already patched!
14:440  0:000  1. [change HDAS to HDEF]: pattern 48444153, bin not found / already patched!
14:440  0:000  2. [change HECI to IMEI]: pattern 48454349, bin not found / already patched!
14:440  0:000  3. [change MEI to IMEI]: pattern 4D45495F, bin not found / already patched!
14:440  0:000    0 replacements
14:440  0:000  Patching SSDT CpuPm Length=2776
14:440  0:000  0. [change GFX0 to IGPU]: pattern 47465830, bin not found / already patched!
14:440  0:000  1. [change HDAS to HDEF]: pattern 48444153, bin not found / already patched!
14:440  0:000  2. [change HECI to IMEI]: pattern 48454349, bin not found / already patched!
14:440  0:000  3. [change MEI to IMEI]: pattern 4D45495F, bin not found / already patched!
14:441  0:000    0 replacements
14:441  0:000  Found OperationRegion(PPMT, SystemMemory, CA9E0E98, ...)
14:441  0:000  Patching SSDT SataTabl Length=877
14:441  0:000  0. [change GFX0 to IGPU]: pattern 47465830, bin not found / already patched!
14:441  0:000  1. [change HDAS to HDEF]: pattern 48444153, bin not found / already patched!
14:441  0:000  2. [change HECI to IMEI]: pattern 48454349, bin not found / already patched!
14:441  0:000  3. [change MEI to IMEI]: pattern 4D45495F, bin not found / already patched!
14:441  0:000    0 replacements
14:441  0:000  Patching SSDT SaSsdt  Length=13537
14:441  0:000  0. [change GFX0 to IGPU]: pattern 47465830, patched at: [ (D8A) (17) (17) (1A) (18EC) (B3E) (1D) ]
14:441  0:000  1. [change HDAS to HDEF]: pattern 48444153, bin not found / already patched!
14:441  0:000  2. [change HECI to IMEI]: pattern 48454349, bin not found / already patched!
14:441  0:000  3. [change MEI to IMEI]: pattern 4D45495F, bin not found / already patched!
14:441  0:000    0 replacements
14:441  0:000  Found OperationRegion(SANV, SystemMemory, CA9C7C18, ...)
14:441  0:000  Found OperationRegion(CCDC, SystemMemory, 80000000, ...)
14:441  0:000  CPUBase=0 and ApicCPUBase=1 ApicCPUNum=2
14:441  0:000  Maximum control=0x21
14:441  0:000  P-States: min 0x8, max 0x21
14:441  0:000  SSDT with plugin-type without P-States is generated
14:441  0:000  Cleanup XSDT: count=11, length=124
14:441  0:000  corrected XSDT count=11, length=124
14:441  0:000  === [ RestSetup macOS ] ===================================
14:441  0:000  EdidDiscovered size=128
14:441  0:000  --- Discovered EDID Table size:128
14:441  0:000  000  |  00  FF  FF  FF  FF  FF  FF  00  59  25
14:441  0:000  010  |  03  E0  50  2D  31  01  29  1A  01  03
14:441  0:000  020  |  80  35  1D  78  2E  35  85  A6  56  48
14:441  0:000  030  |  9A  24  12  50  54  AD  CF  00  B3  00
14:441  0:000  040  |  81  80  81  8A  95  00  81  0C  D1  C0
14:441  0:000  050  |  81  40  81  C0  02  3A  80  18  71  38
14:441  0:000  060  |  2D  40  58  2C  45  00  FD  1E  11  00
14:441  0:000  070  |  00  1E  21  39  90  30  62  1A  27  40
14:441  0:000  080  |  68  B0  36  00  D9  28  11  00  00  1C
14:441  0:000  090  |  00  00  00  FD  00  3B  4B  1E  53  11
14:441  0:000  100  |  00  0A  20  20  20  20  20  20  00  00
14:441  0:000  110  |  00  FC  00  32  33  38  30  0A  20  20
14:441  0:000  120  |  20  20  20  20  20  20  00  BD
14:441  0:000  NVidia GFX injection not set
14:441  0:000  Intel GFX injection not set
14:441  0:000  stringlength = 1644
14:441  0:000  CurrentMode: Width=1920 Height=1080
14:441  0:000  Beginning FSInjection
FSInjectionInstall ...
- Our FSI_SIMPLE_FILE_SYSTEM_PROTOCOL installed on handle: BDB8E218
FSInjectionInstall ...
- Our FSI_SIMPLE_FILE_SYSTEM_PROTOCOL installed on handle: BDB8E218
14:441  0:000  Use origin smbios table type 1 guid.
14:442  0:000  Preparing kexts injection for arch=x86_64 from EFI\CLOVER\kexts\Other
14:442  0:000  Extra kext: EFI\CLOVER\kexts\Other\NullCPUPowerManagement.kext (v.1.0.0d2)
14:457  0:015  Extra kext: EFI\CLOVER\kexts\Other\EFICheckDisabler.kext (v.0.5)
14:459  0:002  Extra kext: EFI\CLOVER\kexts\Other\USBInjectAll.kext (v.0.7.1)
14:502  0:042  Extra kext: EFI\CLOVER\kexts\Other\VirtualSMC.kext (v.1.0.7)
14:518  0:016  Extra kext: EFI\CLOVER\kexts\Other\SMCSuperIO.kext (v.1.0.7)
14:528  0:009  Extra kext: EFI\CLOVER\kexts\Other\SMCProcessor.kext (v.1.0.7)
14:537  0:009  Extra kext: EFI\CLOVER\kexts\Other\IntelMausiEthernet.kext (v.2.5.0d14)
14:568  0:030  Extra kext: EFI\CLOVER\kexts\Other\WhateverGreen.kext (v.1.3.2)
14:619  0:051  Extra kext: EFI\CLOVER\kexts\Other\SMCLightSensor.kext (v.1)
14:627  0:007  Extra kext: EFI\CLOVER\kexts\Other\SMCBatteryManager.kext (v.1)
14:642  0:014  Extra kext: EFI\CLOVER\kexts\Other\AppleALC.kext (v.1.4.1)
14:848  0:206  Extra kext: EFI\CLOVER\kexts\Other\Lilu.kext (v.1.3.8)
14:869  0:021  Custom boot screen not used because entry has unset use graphics
14:869  0:000  Closing log
